<?xml version="1.0" encoding="UTF-8"?>
<!-- Generated by org.testng.reporters.JUnitReportReporter -->
<testsuite hostname="Sajid" failures="0" tests="6" name="testcases.TestLogin" time="24.136" errors="0" timestamp="2024-01-29T21:14:29 BDT" skipped="0">
  <testcase classname="testcases.TestLogin" name="testLoginWithInvalidCredentials" time="2.463"/>
  <testcase classname="testcases.TestLogin" name="testLoginWithInvalidCredentials" time="11.878"/>
  <testcase classname="testcases.TestLogin" name="testLoginWithInvalidCredentials" time="2.461"/>
  <testcase classname="testcases.TestLogin" name="testLoginWithInvalidCredentials" time="2.478"/>
  <testcase classname="testcases.TestLogin" name="testLoginWithInvalidCredentials" time="2.393"/>
  <testcase classname="testcases.TestLogin" name="testLoginWithInvalidCredentials" time="2.463"/>
</testsuite> <!-- testcases.TestLogin -->
