<?xml version="1.0" encoding="UTF-8"?>
<!-- Generated by org.testng.reporters.JUnitReportReporter -->
<testsuite hostname="Sajid" failures="0" tests="7" name="testcases.TestLogin" time="179.610" errors="0" timestamp="2024-02-14T03:02:32 BDT" skipped="0">
  <testcase classname="testcases.TestLogin" name="testLoginWithInvalidCredentials" time="28.270"/>
  <testcase classname="testcases.TestLogin" name="testLoginWithValidCredentials" time="28.756"/>
  <testcase classname="testcases.TestLogin" name="testLoginWithInvalidCredentials" time="23.353"/>
  <testcase classname="testcases.TestLogin" name="testLoginWithInvalidCredentials" time="41.494"/>
  <testcase classname="testcases.TestLogin" name="testLoginWithInvalidCredentials" time="11.642"/>
  <testcase classname="testcases.TestLogin" name="testLoginWithInvalidCredentials" time="17.058"/>
  <testcase classname="testcases.TestLogin" name="testLoginWithInvalidCredentials" time="29.037"/>
</testsuite> <!-- testcases.TestLogin -->
