<?xml version="1.0" encoding="UTF-8"?>
<!-- Generated by org.testng.reporters.JUnitReportReporter -->
<testsuite hostname="Sajid" failures="0" tests="1" name="testcases.TestShoppingCart" time="14.540" errors="0" timestamp="2024-02-12T01:39:12 BDT" skipped="0">
  <testcase classname="testcases.TestShoppingCart" name="testRemoveProductFromCart" time="14.540"/>
</testsuite> <!-- testcases.TestShoppingCart -->
