<?xml version="1.0" encoding="UTF-8"?>
<!-- Generated by org.testng.reporters.JUnitReportReporter -->
<testsuite hostname="Sajid" failures="0" tests="1" name="testcases.TestProductAdd" time="16.441" errors="0" timestamp="2024-02-09T16:05:36 BDT" skipped="0">
  <testcase classname="testcases.TestProductAdd" name="testAddToCart" time="16.441"/>
</testsuite> <!-- testcases.TestProductAdd -->
