<?xml version="1.0" encoding="UTF-8"?>
<!-- Generated by org.testng.reporters.JUnitReportReporter -->
<testsuite hostname="Sajid" failures="0" tests="7" name="testcases.TestLogin" time="174.867" errors="0" timestamp="2024-02-14T01:49:47 BDT" skipped="0">
  <testcase classname="testcases.TestLogin" name="testLoginWithInvalidCredentials" time="21.926"/>
  <testcase classname="testcases.TestLogin" name="testLoginWithInvalidCredentials" time="19.769"/>
  <testcase classname="testcases.TestLogin" name="testLoginWithInvalidCredentials" time="31.708"/>
  <testcase classname="testcases.TestLogin" name="testLoginWithInvalidCredentials" time="17.473"/>
  <testcase classname="testcases.TestLogin" name="testLoginWithValidCredentials" time="37.241"/>
  <testcase classname="testcases.TestLogin" name="testLoginWithInvalidCredentials" time="31.340"/>
  <testcase classname="testcases.TestLogin" name="testLoginWithInvalidCredentials" time="15.410"/>
</testsuite> <!-- testcases.TestLogin -->
