<?xml version="1.0" encoding="UTF-8"?>
<!-- Generated by org.testng.reporters.JUnitReportReporter -->
<testsuite hostname="Sajid" failures="0" tests="1" name="testcases.Test1" time="8.561" errors="0" timestamp="2024-01-27T02:27:33 BDT" skipped="0">
  <testcase classname="testcases.Test1" name="test" time="8.561"/>
</testsuite> <!-- testcases.Test1 -->
