<?xml version="1.0" encoding="UTF-8"?>
<!-- Generated by org.testng.reporters.JUnitReportReporter -->
<testsuite hostname="Sajid" failures="0" tests="1" name="testcases.TestProductAddAndCheckout" time="16.317" errors="0" timestamp="2024-02-06T13:57:15 BDT" skipped="0">
  <testcase classname="testcases.TestProductAddAndCheckout" name="testProduct" time="16.317"/>
</testsuite> <!-- testcases.TestProductAddAndCheckout -->
