<?xml version="1.0" encoding="UTF-8"?>
<!-- Generated by org.testng.reporters.JUnitReportReporter -->
<testsuite hostname="Sajid" failures="0" tests="6" name="testcases.TestLogin" time="27.036" errors="0" timestamp="2024-02-12T18:40:06 BDT" skipped="0">
  <testcase classname="testcases.TestLogin" name="testLoginWithInvalidCredentials" time="2.457"/>
  <testcase classname="testcases.TestLogin" name="testLoginWithInvalidCredentials" time="2.695"/>
  <testcase classname="testcases.TestLogin" name="testLoginWithInvalidCredentials" time="2.629"/>
  <testcase classname="testcases.TestLogin" name="testLoginWithInvalidCredentials" time="14.227"/>
  <testcase classname="testcases.TestLogin" name="testLoginWithInvalidCredentials" time="2.424"/>
  <testcase classname="testcases.TestLogin" name="testLoginWithInvalidCredentials" time="2.604"/>
</testsuite> <!-- testcases.TestLogin -->
