<?xml version="1.0" encoding="UTF-8"?>
<!-- Generated by org.testng.reporters.JUnitReportReporter -->
<testsuite hostname="Sajid" failures="0" tests="2" name="testcases.TestProductAdd" time="101.826" errors="0" timestamp="2024-02-13T12:24:58 BDT" skipped="0">
  <testcase classname="testcases.TestProductAdd" name="testSelectProduct" time="50.552"/>
  <testcase classname="testcases.TestProductAdd" name="testAddToCart" time="51.274"/>
</testsuite> <!-- testcases.TestProductAdd -->
