<?xml version="1.0" encoding="UTF-8"?>
<!-- Generated by org.testng.reporters.JUnitReportReporter -->
<testsuite hostname="Sajid" failures="0" tests="2" name="testcases.TestCheckout" time="112.671" errors="0" timestamp="2024-02-14T03:02:32 BDT" skipped="0">
  <testcase classname="testcases.TestCheckout" name="testCheckout" time="70.137"/>
  <testcase classname="testcases.TestCheckout" name="testOpenCheckout" time="42.534"/>
</testsuite> <!-- testcases.TestCheckout -->
