<?xml version="1.0" encoding="UTF-8"?>
<!-- Generated by org.testng.reporters.JUnitReportReporter -->
<testsuite hostname="Sajid" failures="0" tests="1" name="testcases.TestLogin" time="11.098" errors="0" timestamp="2024-01-27T19:29:39 BDT" skipped="0">
  <testcase classname="testcases.TestLogin" name="test" time="11.098"/>
</testsuite> <!-- testcases.TestLogin -->
