<?xml version="1.0" encoding="UTF-8"?>
<!-- Generated by org.testng.reporters.JUnitReportReporter -->
<testsuite hostname="Sajid" failures="0" tests="6" name="testcases.TestLogin" time="25.482" errors="0" timestamp="2024-01-29T21:20:45 BDT" skipped="0">
  <testcase classname="testcases.TestLogin" name="testLoginWithInvalidCredentials" time="2.287"/>
  <testcase classname="testcases.TestLogin" name="testLoginWithInvalidCredentials" time="13.818"/>
  <testcase classname="testcases.TestLogin" name="testLoginWithInvalidCredentials" time="2.471"/>
  <testcase classname="testcases.TestLogin" name="testLoginWithInvalidCredentials" time="2.389"/>
  <testcase classname="testcases.TestLogin" name="testLoginWithInvalidCredentials" time="2.258"/>
  <testcase classname="testcases.TestLogin" name="testLoginWithInvalidCredentials" time="2.259"/>
</testsuite> <!-- testcases.TestLogin -->
