<?xml version="1.0" encoding="UTF-8"?>
<!-- Generated by org.testng.reporters.JUnitReportReporter -->
<testsuite hostname="Sajid" failures="0" tests="1" name="testcases.TestCheckout" time="18.428" errors="0" timestamp="2024-02-12T01:43:44 BDT" skipped="0">
  <testcase classname="testcases.TestCheckout" name="testCheckout" time="18.428"/>
</testsuite> <!-- testcases.TestCheckout -->
