<?xml version="1.0" encoding="UTF-8"?>
<!-- Generated by org.testng.reporters.JUnitReportReporter -->
<testsuite hostname="Sajid" failures="0" tests="1" name="testcases.TestProductAddAndCheckout" time="15.374" errors="0" timestamp="2024-02-06T01:23:14 BDT" skipped="0">
  <testcase classname="testcases.TestProductAddAndCheckout" name="testProduct" time="15.374"/>
</testsuite> <!-- testcases.TestProductAddAndCheckout -->
