<?xml version="1.0" encoding="UTF-8"?>
<!-- Generated by org.testng.reporters.JUnitReportReporter -->
<testsuite hostname="Sajid" failures="0" tests="2" name="testcases.TestProductAdd" time="88.684" errors="0" timestamp="2024-02-14T03:02:32 BDT" skipped="0">
  <testcase classname="testcases.TestProductAdd" name="testSelectProduct" time="39.077"/>
  <testcase classname="testcases.TestProductAdd" name="testAddToCart" time="49.607"/>
</testsuite> <!-- testcases.TestProductAdd -->
