<?xml version="1.0" encoding="UTF-8"?>
<!-- Generated by org.testng.reporters.JUnitReportReporter -->
<testsuite hostname="Sajid" failures="0" tests="7" name="testcases.TestLogin" time="180.126" errors="0" timestamp="2024-02-13T12:24:58 BDT" skipped="0">
  <testcase classname="testcases.TestLogin" name="testLoginWithInvalidCredentials" time="17.779"/>
  <testcase classname="testcases.TestLogin" name="testLoginWithInvalidCredentials" time="18.831"/>
  <testcase classname="testcases.TestLogin" name="testLoginWithInvalidCredentials" time="37.993"/>
  <testcase classname="testcases.TestLogin" name="testLoginWithInvalidCredentials" time="28.771"/>
  <testcase classname="testcases.TestLogin" name="testLoginWithInvalidCredentials" time="14.088"/>
  <testcase classname="testcases.TestLogin" name="testLoginWithInvalidCredentials" time="29.173"/>
  <testcase classname="testcases.TestLogin" name="testLoginWithValidCredentials" time="33.491"/>
</testsuite> <!-- testcases.TestLogin -->
