<?xml version="1.0" encoding="UTF-8"?>
<!-- Generated by org.testng.reporters.JUnitReportReporter -->
<testsuite hostname="Sajid" failures="0" tests="6" name="testcases.TestLogin" time="25.933" errors="0" timestamp="2024-01-30T11:39:57 BDT" skipped="0">
  <testcase classname="testcases.TestLogin" name="testLoginWithInvalidCredentials" time="2.593"/>
  <testcase classname="testcases.TestLogin" name="testLoginWithInvalidCredentials" time="11.847"/>
  <testcase classname="testcases.TestLogin" name="testLoginWithInvalidCredentials" time="3.441"/>
  <testcase classname="testcases.TestLogin" name="testLoginWithInvalidCredentials" time="2.807"/>
  <testcase classname="testcases.TestLogin" name="testLoginWithInvalidCredentials" time="2.528"/>
  <testcase classname="testcases.TestLogin" name="testLoginWithInvalidCredentials" time="2.717"/>
</testsuite> <!-- testcases.TestLogin -->
