<?xml version="1.0" encoding="UTF-8"?>
<!-- Generated by org.testng.reporters.JUnitReportReporter -->
<testsuite hostname="Sajid" failures="0" tests="2" name="testcases.TestCheckout" time="119.734" errors="0" timestamp="2024-02-13T12:24:58 BDT" skipped="0">
  <testcase classname="testcases.TestCheckout" name="testOpenCheckout" time="51.832"/>
  <testcase classname="testcases.TestCheckout" name="testCheckout" time="67.902"/>
</testsuite> <!-- testcases.TestCheckout -->
