<?xml version="1.0" encoding="UTF-8"?>
<!-- Generated by org.testng.reporters.JUnitReportReporter -->
<testsuite hostname="Sajid" failures="0" tests="7" name="testcases.TestLogin" time="81.939" errors="0" timestamp="2024-02-14T10:43:58 BDT" skipped="0">
  <testcase classname="testcases.TestLogin" name="testLoginWithInvalidCredentials" time="12.352"/>
  <testcase classname="testcases.TestLogin" name="testLoginWithValidCredentials" time="11.912"/>
  <testcase classname="testcases.TestLogin" name="testLoginWithInvalidCredentials" time="11.545"/>
  <testcase classname="testcases.TestLogin" name="testLoginWithInvalidCredentials" time="11.491"/>
  <testcase classname="testcases.TestLogin" name="testLoginWithInvalidCredentials" time="11.433"/>
  <testcase classname="testcases.TestLogin" name="testLoginWithInvalidCredentials" time="11.701"/>
  <testcase classname="testcases.TestLogin" name="testLoginWithInvalidCredentials" time="11.505"/>
</testsuite> <!-- testcases.TestLogin -->
