<?xml version="1.0" encoding="UTF-8"?>
<!-- Generated by org.testng.reporters.JUnitReportReporter -->
<testsuite hostname="Sajid" failures="0" tests="7" name="testcases.TestLogin" time="183.237" errors="0" timestamp="2024-02-14T02:27:45 BDT" skipped="0">
  <testcase classname="testcases.TestLogin" name="testLoginWithValidCredentials" time="32.451"/>
  <testcase classname="testcases.TestLogin" name="testLoginWithInvalidCredentials" time="38.067"/>
  <testcase classname="testcases.TestLogin" name="testLoginWithInvalidCredentials" time="27.007"/>
  <testcase classname="testcases.TestLogin" name="testLoginWithInvalidCredentials" time="17.554"/>
  <testcase classname="testcases.TestLogin" name="testLoginWithInvalidCredentials" time="33.607"/>
  <testcase classname="testcases.TestLogin" name="testLoginWithInvalidCredentials" time="16.276"/>
  <testcase classname="testcases.TestLogin" name="testLoginWithInvalidCredentials" time="18.275"/>
</testsuite> <!-- testcases.TestLogin -->
