<?xml version="1.0" encoding="UTF-8"?>
<!-- Generated by org.testng.reporters.JUnitReportReporter -->
<testsuite hostname="Sajid" failures="0" tests="7" name="testcases.TestLogin" time="93.141" errors="0" timestamp="2024-02-14T02:06:32 BDT" skipped="0">
  <testcase classname="testcases.TestLogin" name="testLoginWithInvalidCredentials" time="11.706"/>
  <testcase classname="testcases.TestLogin" name="testLoginWithInvalidCredentials" time="15.511"/>
  <testcase classname="testcases.TestLogin" name="testLoginWithInvalidCredentials" time="13.725"/>
  <testcase classname="testcases.TestLogin" name="testLoginWithInvalidCredentials" time="12.935"/>
  <testcase classname="testcases.TestLogin" name="testLoginWithInvalidCredentials" time="14.802"/>
  <testcase classname="testcases.TestLogin" name="testLoginWithValidCredentials" time="11.376"/>
  <testcase classname="testcases.TestLogin" name="testLoginWithInvalidCredentials" time="13.086"/>
</testsuite> <!-- testcases.TestLogin -->
