<?xml version="1.0" encoding="UTF-8"?>
<!-- Generated by org.testng.reporters.JUnitReportReporter -->
<testsuite hostname="Sajid" failures="0" tests="2" name="testcases.TestCheckout" time="34.034" errors="0" timestamp="2024-02-14T02:06:32 BDT" skipped="0">
  <testcase classname="testcases.TestCheckout" name="testOpenCheckout" time="14.819"/>
  <testcase classname="testcases.TestCheckout" name="testCheckout" time="19.215"/>
</testsuite> <!-- testcases.TestCheckout -->
