<?xml version="1.0" encoding="UTF-8"?>
<!-- Generated by org.testng.reporters.JUnitReportReporter -->
<testsuite hostname="Sajid" failures="0" tests="2" name="testcases.TestProductAdd" time="22.683" errors="0" timestamp="2024-02-14T02:06:32 BDT" skipped="0">
  <testcase classname="testcases.TestProductAdd" name="testSelectProduct" time="9.763"/>
  <testcase classname="testcases.TestProductAdd" name="testAddToCart" time="12.920"/>
</testsuite> <!-- testcases.TestProductAdd -->
