<?xml version="1.0" encoding="UTF-8"?>
<!-- Generated by org.testng.reporters.JUnitReportReporter -->
<testsuite hostname="Sajid" failures="0" tests="2" name="testcases.TestCheckout" time="120.780" errors="0" timestamp="2024-02-14T02:27:45 BDT" skipped="0">
  <testcase classname="testcases.TestCheckout" name="testCheckout" time="64.525"/>
  <testcase classname="testcases.TestCheckout" name="testOpenCheckout" time="56.255"/>
</testsuite> <!-- testcases.TestCheckout -->
